This Java code defines the **OrderController** for a microservice that manages order processing in a Spring Boot application. It integrates with other services like **Account**, **Customer**, and **Product** to create and manage orders, while also applying discounts based on customer type and order history.

### Breakdown of the `OrderController`:

1. **Dependencies**:
   - **OrderRepository**: Used for storing and retrieving orders.
   - **AccountClient**, **CustomerClient**, **ProductClient**: External service clients used to interact with the `account-service`, `customer-service`, and `product-service` respectively.
   - **ObjectMapper**: A utility class to serialize and deserialize objects (like `Product` and `Customer`) into JSON.

2. **Logging**:
   - **Logger**: A logger is used to log information at different points in the order processing flow.
   - **MDC (Mapped Diagnostic Context)**: Used for adding context to logs, useful for tracing and debugging in distributed systems.

3. **POST `/` - Order Preparation**:
   - **Request Body**: The endpoint receives an `Order` object from the request.
   - **Price Calculation**: The service queries the `ProductClient` for the products in the order and calculates the total price.
   - **Discounts**: The method `priceDiscount()` calculates discounts based on customer type (e.g., 5% for regular customers, 10% for VIPs), and applies additional discounts based on the number of previous orders placed by the customer.
   - **Account Check**: The order is assigned to the first account that has enough balance after applying the discount. If no suitable account is found, the order is rejected.
   - **Response**: The order is stored in the `OrderRepository` and returned with the status (`ACCEPTED` or `REJECTED`).

4. **PUT `/` - Order Acceptance**:
   - **Request Parameter**: The order ID is provided in the URL (`/{id}`).
   - **Account Withdrawal**: If the order is accepted, the `AccountClient` is used to deduct the order price from the customer's account balance.
   - **Order Status Update**: The status of the order is changed to `DONE`, and the updated order is stored in the `OrderRepository`.

5. **Discount Logic (`priceDiscount`)**:
   - This method applies different discount rates based on the customer's type and the number of previous orders they have placed. The discount is calculated as a percentage reduction from the total price.

### Key Points:
- **Price Calculation & Discounts**: The controller calculates the total price for the order and applies discounts based on customer type (e.g., 5% for regular customers, 10% for VIPs) and order history.
- **Account Balance Check**: The system ensures that there is a sufficient account balance for processing the order. If no account with sufficient balance is found, the order is rejected.
- **Logging**: Detailed logs are maintained to track product prices, customer data, and account operations, which can be useful for monitoring and debugging.
- **Service Clients**: The controller uses Feign clients to interact with other services, making the system modular and easy to maintain.

### Potential Improvements:
- **Error Handling**: While there is a `try-catch` block in some places, explicit error handling for failed service calls (e.g., if `accountClient`, `customerClient`, or `productClient` fails) would improve the robustness of the controller.
- **Validation**: Input validation could be added to check the integrity of the order request before processing it (e.g., ensuring that product IDs are valid).
- **Concurrency**: If multiple orders can be placed concurrently, there may be concerns about race conditions when checking account balances and updating order statuses. Optimistic locking or other mechanisms might be required to handle this.

This `OrderController` is a central part of an e-commerce or order management system, handling order creation, price calculation, account interaction, and status updates.


This is a **Logback configuration** file used for logging in a Spring Boot application, specifically for the order service. It defines three log appenders: **Console**, **File**, and **Logstash**. Here's a breakdown of the configuration:

### 1. **Console Appender**:
   - Logs are printed to the console.
   - **Filter**: Only logs with a level of `INFO` or higher will be printed (`ThresholdFilter`).
   - **Encoder**: Specifies the log message pattern:
     - `%d{HH:mm:ss.SSS}`: Date in hours, minutes, seconds, and milliseconds.
     - `%-5level`: Log level (e.g., INFO, DEBUG).
     - `%msg`: The log message itself.
     - `%n`: A newline character.
   - **Charset**: Uses UTF-8 encoding.

### 2. **File Appender**:
   - Logs are saved to files in the `logs` directory with the name `order.log`.
   - **Rolling Policy**: The log file is rolled over daily:
     - The log files will be named `order.YYYY-MM-DD.log`.
     - **Max History**: Keeps the last 10 log files, deleting older ones.
     - **Total Size Cap**: The total size of all log files will be capped at 1 GB.
   - **Encoder**: The log message format is the same as in the console appender.

### 3. **Logstash Appender**:
   - Sends logs to a Logstash server over TCP at `localhost:5000`.
   - **Encoder**: Logs are encoded in JSON format with the following fields:
     - **mdc**: The mapped diagnostic context (for tracking additional contextual information like request IDs).
     - **context**: The logging context (e.g., thread name).
     - **logLevel**: The level of the log (INFO, DEBUG, etc.).
     - **loggerName**: The name of the logger (class or method name).
     - **pattern**: Adds a static field `"appName": "order-service"` to identify the source of logs.
     - **threadName**: The name of the thread in which the log entry was made.
     - **message**: The log message.
     - **logstashMarkers**: Additional markers used for filtering or identifying logs.
     - **stackTrace**: Includes stack trace details if an exception is logged.

### 4. **Root Logger**:
   - The `root` logger is set to the `INFO` level, meaning only logs at the `INFO` level and higher (e.g., WARN, ERROR) will be captured.
   - The root logger is configured to use all three appenders: `CONSOLE`, `FILE`, and `STASH`.

### Key Points:
- **Log Level**: The root logger has a level of `INFO`, so only logs with this level or higher (WARN, ERROR) are captured.
- **Rolling File Appender**: The log files are rolled daily and are limited to 1GB in total size, keeping the last 10 log files.
- **Logstash Integration**: Logs are sent in JSON format to a Logstash server running at `localhost:5000`. This is useful for centralized logging and log aggregation.

### Possible Improvements or Customizations:
- **Log Level Customization**: If needed, different log levels could be configured for different parts of the application. For instance, you might want to have `DEBUG` level logs for a specific class or package.
- **External Logstash**: If the Logstash server is external or hosted, you should update the `destination` field to point to the actual Logstash server.
- **Async Appender**: If performance becomes an issue, especially with the Logstash appender, you could configure an `AsyncAppender` to offload log writing to a separate thread.

This is a **JUnit 5 test** class for testing the **OrderController** of a Spring Boot application that interacts with various microservices. It uses **Hoverfly**, **Testcontainers**, and **Consul** for mocking external service interactions and managing configuration. Here’s a breakdown of the code:

### Key Components:

#### 1. **Test Setup (`@BeforeAll` and `@Testcontainers` annotations)**:
   - **ConsulContainer**: A **Consul** container is spun up using Testcontainers to simulate the service discovery and configuration management for the `order-service`.
   - **System Properties**: The `spring.cloud.consul.port` and `spring.config.import` properties are set dynamically to connect the application to the running Consul instance. This is used to fetch configuration from Consul during the test.
   - **Hoverfly**: A mocking proxy (`Hoverfly`) is used to simulate the behavior of other microservices (`customer-service` and `product-service`) during the test. This avoids the need for actual service calls and isolates the tests.

#### 2. **Test Method (`testOrder`)**:
   - This test simulates two external services (`customer-service` and `product-service`) using **Hoverfly**:
     - **Customer Service**: Returns a customer with one account and a balance of `10000`.
     - **Product Service**: Returns a product with a price of `1000`.
   - After setting up the simulation, it calls `sendAndAcceptOrder()` to send an order and simulate accepting it.

#### 3. **Order Creation and Acceptance** (`sendAndAcceptOrder`):
   - A random `Order` is created with a `customerId` and `productIds` list.
   - The order is posted to the `/` endpoint of the `OrderController`, and the response is validated:
     - It ensures the `Order` has a non-null ID.
     - It checks that the order status is not `REJECTED`.
   - Then, it simulates accepting the order by sending a PUT request to the `/{id}` endpoint.

#### 4. **Hoverfly Simulation**:
   - The **Hoverfly DSL** is used to simulate responses from external services. The `simulate()` method allows the test to define expected responses based on specific API requests:
     - For `customer-service`, a `GET` request to `/withAccounts/1` returns a JSON response with a customer and an account balance.
     - For `product-service`, a `POST` request to `/ids` returns a product with ID `1` and price `1000`.

### Test Flow:
1. **Service Mocking**:
   - **Hoverfly** intercepts HTTP requests to the external services and returns predefined responses.
   - This ensures that the test does not rely on the availability or state of external services, making the tests more reliable and isolated.

2. **Order Processing**:
   - An order is created for customer `1` with product `1`.
   - The test asserts that the order is created and has a valid ID.
   - It also checks that the order status is not `REJECTED` (indicating the order was successfully processed).
   - Then, the test simulates the acceptance of the order by sending a PUT request.

### Assertions:
- **`assertNotNull(order)`**: Verifies that the order object returned is not null.
- **`assertNotNull(order.getId())`**: Ensures the order has a valid ID.
- **`assertNotSame(order.getStatus(), OrderStatus.REJECTED)`**: Ensures the order's status is not `REJECTED`, meaning it was processed and accepted (i.e., the order status is either `ACCEPTED`, `DONE`, etc.).

### Summary:
- This test uses **Hoverfly** for mocking the external services (`customer-service` and `product-service`).
- It uses **Testcontainers** to set up a **Consul container** for service discovery.
- It tests the **OrderController** by simulating an order creation and acceptance process and validates the expected behavior.
