Here are the one-liner steps for the provided test code:

1. **Test Setup**: The test is set up using `@SpringBootTest` with a random port to start the application context for testing.
2. **Consul Container Setup**: A `ConsulContainer` is initialized and configured to run with a mock Consul instance, setting its port and configuration properties.
3. **Configuration Initialization**: In the `init()` method, the Consul configuration is set for the Spring application, pointing to the running container's port.
4. **Test for `Order` Processing**: The `testOrder()` test method sends multiple orders in a loop, invoking the `sendAndAcceptOrder()` method.
5. **Order Creation and Acceptance**: The `sendAndAcceptOrder()` method creates a random order with customer and product IDs, sends it to the `/api/order` endpoint, and then attempts to accept it by calling the `PUT` endpoint with the order's ID if it is not rejected.
6. **Random Customer and Product ID**: In the order creation, a random customer ID and product IDs are selected to simulate different order scenarios.
7. **Order Status Check**: The test checks the order's status after creation, and if the status is not `REJECTED`, the order is accepted by calling the `PUT` method with the order ID.

This Spring Boot configuration file configures a **gateway service** that uses **Spring Cloud Gateway** to route requests to various microservices (e.g., account-service, customer-service, etc.) based on the path, while also integrating with **Consul** for service discovery and configuration management.

Here's a breakdown of the key sections:

1. **Application Name**:
   - `spring.application.name: gateway-service` defines the name of the Spring Boot application as `gateway-service`.

2. **Spring Cloud Gateway Configuration**:
   - `spring.cloud.gateway.discovery.locator.enabled: true` enables **discovery locator**, allowing the gateway to dynamically discover routes from a service registry like Consul.
   - **Routes**: A list of routes that the gateway will manage:
     - Each route is defined by an `id`, `uri` (the URI of the backend service), `predicates` (conditions for matching requests), and `filters` (modifications to the request/response).
     - Example:
       - The route for `account-service` routes requests with a path starting with `/account/` to the `account-service` microservice using service discovery (via `lb://account-service`).
       - A **rewrite filter** modifies the URL path, so `/account/something` is rewritten as `/something` before forwarding to the backend service.

3. **Consul Configuration**:
   - `spring.cloud.consul.host` and `spring.cloud.consul.port` configure the connection to the Consul server (`localhost:8500`).
   - `spring.config.import` tells the application to fetch configuration from Consul.

4. **Logging**:
   - The `logging.level.com.netflix: DEBUG` setting enables detailed debug-level logging for the Netflix libraries used by Spring Cloud Gateway (e.g., for service discovery).

5. **Management Security**:
   - `management.security.enabled: false` disables security for the management endpoints, which is useful during development or in non-production environments.

This configuration ensures that incoming HTTP requests to the `/account/**`, `/customer/**`, `/order/**`, and `/product/**` paths are forwarded to the respective backend services using the service discovery provided by Consul. The routes are dynamically configured and managed through Spring Cloud Gateway, allowing a unified entry point for microservices.

