Essay Series: Integrating Service Discovery with Consul in Microservices Architecture
Part 1: Setting the Foundations of Service Discovery
In the first part of the series, we’ll lay the groundwork for understanding the service discovery process in microservices, specifically with Spring Boot and Consul. This section will introduce key concepts, dependencies, and configurations required to get the micro-arch-discovery module up and running.

1. Introduction to Microservices and Service Discovery

The need for service discovery in distributed systems.
How Consul helps in dynamic service discovery and health monitoring.
2. Setting Up the micro-arch-discovery Module

Defining micro-arch-discovery as a Spring Boot project.
Adding required dependencies for Spring Boot, Spring Cloud, and Consul in the pom.xml.
Configuring application.properties for Consul integration.
3. Basic Configuration

Setting the application name (spring.application.name).
Configuring Consul host, port, and health check properties.
Enabling service registration with Consul.
4. Spring Boot and Consul Integration

Introduction to @EnableDiscoveryClient and the role of the DiscoveryClient bean.
Creating a ConsulService class to interact with Consul for dynamic service registration.
Part 2: Advanced Configurations and Testing Service Discovery
The second part will dive into more advanced topics, including health checks, monitoring, retries, and testing. It will also explore how to handle errors and ensure that services are always discoverable.

1. Health Checks and Service Monitoring

Setting up health checks with /actuator/health and configuring Consul health check intervals.
Integrating Prometheus for monitoring service health metrics.
2. Implementing Load Balancing and Fault Tolerance

Using Spring Cloud’s DiscoveryClient for client-side load balancing.
Implementing retries using Spring Retry for automatic retries during service registration.
3. Testing the Service Discovery Workflow

Writing unit tests for ConsulService and mocking DiscoveryClient.
Simulating failures in service discovery and validating retry mechanisms.
Using Spring Boot’s @SpringBootTest for full integration testing.
4. Monitoring and Debugging

Setting up logging to capture service discovery activities and health checks.
Verifying service registration status in Consul’s UI.
Troubleshooting common issues in service registration and discovery.
Part 3: Optimizing and Scaling the Service Discovery Module
In the final part of the series, we will focus on optimizing the micro-arch-discovery module for scalability, ensuring that the system is resilient, configurable, and adaptable to various environments.

1. Dynamic Configuration Management

Integrating Consul for dynamic configuration management via spring-cloud-starter-consul-config.
Using @Value annotations to inject configuration values from Consul into services.
Automatically reloading configuration when changes occur.
2. Handling Service Deregistration and Failures

Setting up graceful service deregistration on application shutdown using @PreDestroy.
Handling service registration failures with retry mechanisms and fallback strategies.
3. Scaling and High Availability

Configuring Consul for high availability and fault tolerance (e.g., setting up multiple Consul instances).
Implementing circuit breakers and self-healing mechanisms for service discovery.
4. Best Practices for Production-Ready Service Discovery

Setting up monitoring and alerts for service health.
Ensuring the application’s ability to discover itself and other services in production environments.
Using Spring Boot profiles for environment-specific configurations.
