Essay: Configuring and Customizing Spring Cloud Gateway
Spring Cloud Gateway provides a powerful, flexible, and reactive API Gateway for routing and filtering HTTP requests to backend services. It is built on Spring WebFlux and allows easy configuration and extension to meet specific application requirements. In this essay, we will discuss how to configure a Spring Cloud Gateway, implement custom filters, handle errors globally, monitor gateway health, and test these configurations effectively.

1. Defining a Configuration Class
To enable configuration in Spring Cloud Gateway, the @Configuration annotation is used. This marks the class as a source of bean definitions, allowing Spring to manage the components it contains. In the case of a Gateway class, this annotation allows the Spring context to recognize and configure the gateway settings, which includes custom filters, route management, and error handling.

java
Copy code
@Configuration
public class GatewayConfig {
    // Configuration details here
}
2. Creating a Global Filter Bean
A GlobalFilter is a Spring Cloud Gateway component that allows for logging and modifying requests and responses globally. We define a GlobalFilter bean to log request paths and response statuses. This filter logs the URI of incoming requests and the response status code after the request has been processed. This helps in tracing request flow through the gateway.

java
Copy code
@Bean
public GlobalFilter customGlobalFilter() {
    return (exchange, chain) -> {
        String uri = exchange.getRequest().getURI().toString();
        log.info("Request URI: " + uri);

        return chain.filter(exchange)
                    .doOnTerminate(() -> {
                        int status = exchange.getResponse().getStatusCode().value();
                        log.info("Response Status: " + status);
                    });
    };
}
3. Implementing Custom Filter Logic
For more specific behavior, custom filters can be created. We define a GatewayFilterFactory bean to implement custom filtering logic. This filter allows us to log a custom message or perform any transformation required on the request or response. Once the custom logic is executed, we must continue the filter chain to ensure that the request is processed correctly.

java
Copy code
@Bean
public GatewayFilterFactory<CustomConfig> customGatewayFilterFactory() {
    return new GatewayFilterFactory<>(CustomConfig.class);
}
4. Custom Filter Logic Implementation
In our custom filter, we can access the request URI, log it, add headers, or perform any custom processing. For example, we might add a custom header to every response for identification purposes, like appending "SpringCloudGateway" as the value of the SERVER header.

java
Copy code
public class CustomFilter extends AbstractGatewayFilterFactory<CustomConfig> {
    public CustomFilter() {
        super(CustomConfig.class);
    }

    @Override
    public GatewayFilter apply(CustomConfig config) {
        return (exchange, chain) -> {
            String uri = exchange.getRequest().getURI().toString();
            log.info("Incoming request URI: " + uri);
            exchange.getResponse().getHeaders().add("SERVER", "SpringCloudGateway");

            return chain.filter(exchange);
        };
    }
}
5. Defining the Configuration Class for Custom Filters
Using Lombok, we can define the CustomConfig class, which holds properties such as custom messages, which can be dynamically injected into the filter.

java
Copy code
@Getter
@Setter
public static class CustomConfig {
    private String message = "Custom Gateway Filter Active";
}
6. Gateway Status Monitoring
For monitoring purposes, a REST endpoint like /gateway/status can be defined to check the gateway’s health. By annotating the class with @RestController and the status endpoint with @GetMapping, we can easily expose this monitoring feature.

java
Copy code
@RestController
public class GatewayController {
    @GetMapping("/gateway/status")
    public String gatewayStatus() {
        return "Gateway is up and running!";
    }
}
7. Global Error Handling Configuration
Error handling is another crucial part of a robust gateway. Using the @Configuration annotation, we define a global error handler to handle exceptions globally within the gateway. This is done by implementing the ErrorWebExceptionHandler interface, which provides custom error responses and formats them as JSON.

java
Copy code
@Configuration
@Order(-2)
public class GlobalErrorHandler implements ErrorWebExceptionHandler {
    @Override
    public Mono<Void> handle(ServerWebExchange exchange, Throwable ex) {
        log.error("Error occurred: ", ex);
        exchange.getResponse().setStatusCode(HttpStatus.INTERNAL_SERVER_ERROR);
        exchange.getResponse().getHeaders().setContentType(MediaType.APPLICATION_JSON);
        return exchange.getResponse().writeWith(Mono.just(exchange.getResponse()
            .bufferFactory()
            .wrap("{\"error\":\"Internal Server Error\"}".getBytes())));
    }
}
8. Unit and Integration Testing
Once the filters and error handling mechanisms are configured, it is essential to validate the functionality through testing. We use @SpringBootTest for integration testing and WebTestClient to simulate HTTP requests. The RouteDefinitionLocator can be autowired to verify the presence of route definitions, ensuring that routing works as expected.

java
Copy code
@SpringBootTest(webEnvironment = SpringBootTest.WebEnvironment.RANDOM_PORT)
public class GatewayApplicationTests {
    @Autowired
    private WebTestClient webTestClient;

    @Test
    public void testStatusEndpoint() {
        webTestClient.get().uri("/gateway/status")
                     .exchange()
                     .expectStatus().isOk()
                     .expectBody(String.class).isEqualTo("Gateway is up and running!");
    }
}
Testing also includes validating route existence and verifying that the gateway correctly routes requests to downstream services.

9. Conclusion
Spring Cloud Gateway is a powerful tool for building microservice architectures, providing centralized routing and filtering. By annotating classes with @Configuration and @RestController, we can configure routing, logging, error handling, and status monitoring in a clean and organized manner. The flexibility of the gateway is enhanced by custom filters and global exception handling, allowing developers to easily adapt the gateway to meet specific application needs. With robust testing practices, these configurations can be validated, ensuring that the gateway performs optimally in production environments.






