Understanding the Micro-Arch-Health Module in Spring Boot
The micro-arch-health module is a critical component in modern microservices architectures, enabling efficient monitoring and health checks for applications. This module, built on Spring Boot and integrated with the Spring Boot Actuator, ensures that microservices remain reliable and fault-tolerant by continuously monitoring their health and providing real-time feedback about the system's status. The following essay outlines the architecture and implementation of the micro-arch-health module, explaining the role of each component and how it contributes to a robust monitoring system for microservices.

1. Setting Up the Project
The first step in setting up the micro-arch-health module involves defining the Spring Boot project as a WAR file in the pom.xml. This configuration ensures that the module can be deployed to a servlet container. The project leverages Spring Boot 3.4.0 to ensure compatibility with the latest features and dependencies. Additionally, Java version 23 is specified in the properties section to ensure that the project uses the latest features of the Java platform.

2. Dependencies and Core Components
The module uses several essential Spring Boot starters to build a comprehensive monitoring solution:

spring-boot-starter-actuator: This is the core dependency for health checks and application monitoring, providing various built-in health indicators (e.g., database health, disk space, service uptime).
spring-boot-starter-web: This starter is included to enable the creation of RESTful services, particularly the health check endpoints that will be exposed to external systems.
spring-cloud-starter-gateway-mvc: For potential integration with Spring Cloud Gateway, enabling load balancing and routing of health check requests.
spring-cloud-starter-loadbalancer: This dependency facilitates load balancing across microservices, which is crucial for distributed systems.
spring-boot-devtools: This improves the developer experience by providing automatic restarts and enhanced debugging tools.
Additional dependencies include lombok for reducing boilerplate code and h2 for in-memory database testing, making the module easy to test in various environments.

3. Creating the Health Check Endpoints
The HealthCheckController class, located in the com.microservices.health package, is responsible for exposing health-related endpoints. By annotating this class with @RestController, the controller is set up to handle HTTP requests for health checks. A primary endpoint, /health, is created to return a status message, such as "Gateway is up and running!".

Spring Boot’s Actuator functionality is enabled to expose the /health endpoint. This can be customized via the application.yml file, where additional health checks (e.g., database connectivity or service availability) can be configured. The configuration can also define how health check data is formatted, either in plain text or JSON, depending on the requirements of the environment.

4. Health Check Logic with HealthService
To handle the business logic behind the health checks, a HealthService class is created. This service is autowired into the HealthCheckController class to provide dependency injection. The service implements health checks such as verifying database connectivity, checking the availability of external services, and tracking the system’s uptime.

The @Value annotation is used in HealthService to inject configuration properties, allowing for greater flexibility in defining health check parameters (e.g., timeout thresholds). Additionally, custom health indicators, such as checking the status of a third-party API or an internal service, can be implemented within this service.

5. Configuring Spring Boot Actuator for Custom Health Checks
Spring Boot Actuator allows for the integration of custom health indicators. These can be configured in the health-checks.yml file, where specific checks (like database or external service status) can be added. The management.endpoints.web.exposure.include=health setting ensures that the health endpoint is available externally, while management.health.db.enabled=true enables database health checks.

Further customization includes setting management.endpoint.health.show-details=always to display detailed health information in the response, such as failure messages or underlying system issues. This can be particularly useful for debugging or monitoring.

6. Testing Health Checks
To ensure the reliability and accuracy of health checks, unit tests are created for the HealthService class. The tests use Mockito to mock external dependencies and validate the functionality of the health checks in isolation. Additionally, WebTestClient is used to test the HTTP response from the /health endpoint, verifying that the response body matches the expected health status.

Integration tests ensure that the entire health check system works as intended, with @SpringBootTest loading the full Spring context. Tests also validate that the correct HTTP status codes are returned based on the system’s health, ensuring that 200 OK is returned for healthy services and 503 Service Unavailable is returned for unhealthy services.

7. Advanced Health Check Features
The micro-arch-health module includes several advanced features for monitoring complex microservices environments. These features include:

Custom health check routes, such as /health/custom, to provide more granular control over health check types.
Health check aggregation, where multiple health checks (e.g., database, APIs) can be evaluated collectively.
Health check failure thresholds, which define when a service should be considered unhealthy based on repeated failures or performance degradation.
Health check fallback mechanisms, which allow for degraded service states to be handled gracefully, ensuring that the system does not enter a critical failure state prematurely.
Liveness checks for ensuring that services remain responsive, especially in cloud environments like Kubernetes.
8. Logging and Monitoring
Proper logging is essential for monitoring the health of the microservices. The HealthService class includes logging functionality to capture the status of health checks and provide detailed information when an issue arises. The spring-boot-starter-logging dependency, combined with Spring Boot’s logging system, enables fine-grained control over log levels for different environments (e.g., development, production). This ensures that logs are available for troubleshooting when services go down or experience issues.

9. Security and Customization
To ensure that health check endpoints are secure, authentication and authorization mechanisms can be added, especially when exposing health data in production. Spring Security can be used to protect these endpoints or restrict access based on roles.

Further customization includes the ability to modify the health check format (e.g., returning detailed JSON responses), add custom error messages, or extend the health check system to integrate with external monitoring tools like Prometheus or Grafana for real-time performance monitoring.

10. Scalability and Maintenance
The micro-arch-health module is designed to scale with microservices-based architectures, where multiple services need to be monitored. The configuration allows for easy expansion, adding more health checks as new services are introduced. Additionally, the health check logic can be modified to suit the evolving needs of the system without requiring major changes to the core application code.

Conclusion
The micro-arch-health module is an essential component for ensuring the reliability and stability of microservices in a distributed system. By utilizing Spring Boot’s Actuator, custom health indicators, and a robust testing and logging strategy, this module provides developers and system administrators with the tools necessary to monitor application health effectively.
With advanced features like health check aggregation, fallback mechanisms, and detailed logging, the micro-arch-health module ensures that microservices remain resilient, responsive, and performant, even in complex and high-demand environments.